
> quad-sphere-sculpt@0.1.0 dev
> vite --host 127.0.0.1


  [32m[1mVITE[22m v6.4.2[39m  [2mready in [0m[1m164[22m[2m[0m ms[22m

  [32m➜[39m  [1mLocal[22m:   [36mhttp://127.0.0.1:[1m5173[22m/[39m
[2m9:40:45 PM[22m [36m[1m[vite][22m[39m [90m[2m(client)[22m[39m [32mpage reload [39m[2msrc/primitives/QuadSpherePrimitive.ts[22m
[2m9:40:56 PM[22m [36m[1m[vite][22m[39m [90m[2m(client)[22m[39m [32mpage reload [39m[2msrc/primitives/QuadSpherePrimitive.ts[22m
[2m9:41:01 PM[22m [36m[1m[vite][22m[39m [90m[2m(client)[22m[39m [32mpage reload [39m[2msrc/primitives/QuadSpherePrimitive.ts[22m
[2m9:41:14 PM[22m [36m[1m[vite][22m[39m [90m[2m(client)[22m[39m [32mpage reload [39m[2msrc/core/MeshManager.ts[22m
[2m9:41:20 PM[22m [36m[1m[vite][22m[39m [90m[2m(client)[22m[39m [32mpage reload [39m[2msrc/core/MeshManager.ts[22m
[2m9:52:17 PM[22m [36m[1m[vite][22m[39m [90m[2m(client)[22m[39m [32mpage reload [39m[2msrc/primitives/QuadSpherePrimitive.ts[22m
[2m9:52:17 PM[22m [36m[1m[vite][22m[39m [90m[2m(client)[22m[39m [32mpage reload [39m[2msrc/core/MeshManager.ts[22m
[2m9:52:33 PM[22m [36m[1m[vite][22m[39m [90m[2m(client)[22m[39m [32mpage reload [39m[2msrc/core/MeshManager.ts[22m
[2m9:52:41 PM[22m [36m[1m[vite][22m[39m [90m[2m(client)[22m[39m [32mpage reload [39m[2msrc/ui/UIManager.ts[22m
[2m9:56:59 PM[22m [36m[1m[vite][22m[39m [90m[2m(client)[22m[39m [32mpage reload [39m[2msrc/primitives/QuadSpherePrimitive.ts[22m
[2m9:56:59 PM[22m [36m[1m[vite][22m[39m [90m[2m(client)[22m[39m [32mpage reload [39m[2msrc/core/MeshManager.ts[22m
[2m9:57:08 PM[22m [36m[1m[vite][22m[39m [90m[2m(client)[22m[39m [32mpage reload [39m[2msrc/ui/UIManager.ts[22m
[2m10:10:16 PM[22m [36m[1m[vite][22m[39m [90m[2m(client)[22m[39m [32mpage reload [39m[2msrc/primitives/QuadSpherePrimitive.ts[22m
[2m10:10:22 PM[22m [36m[1m[vite][22m[39m [90m[2m(client)[22m[39m [32mpage reload [39m[2msrc/ui/UIManager.ts[22m
[2m10:16:11 PM[22m [36m[1m[vite][22m[39m [90m[2m(client)[22m[39m [32mpage reload [39m[2msrc/primitives/QuadSpherePrimitive.ts[22m
[2m10:16:11 PM[22m [36m[1m[vite][22m[39m [90m[2m(client)[22m[39m [32mpage reload [39m[2msrc/ui/UIManager.ts[22m
[2m10:24:53 PM[22m [36m[1m[vite][22m[39m [90m[2m(client)[22m[39m [32mpage reload [39m[2msrc/primitives/QuadSpherePrimitive.ts[22m
[2m10:25:34 PM[22m [36m[1m[vite][22m[39m [90m[2m(client)[22m[39m [32mpage reload [39m[2msrc/primitives/QuadSpherePrimitive.ts[22m
[2m10:26:08 PM[22m [36m[1m[vite][22m[39m [90m[2m(client)[22m[39m [32mpage reload [39m[2msrc/primitives/QuadSpherePrimitive.ts[22m
